<?xml version="1.0" encoding="UTF-8"?>
<testng-results ignored="0" total="9" passed="7" failed="2" skipped="0">
  <reporter-output>
    <line>
      <![CDATA[Browser is launched]]>
    </line>
    <line>
      <![CDATA[Navigated to the specified URL]]>
    </line>
    <line>
      <![CDATA[Clicked on hotel]]>
    </line>
    <line>
      <![CDATA[User is navigated to hotels page]]>
    </line>
    <line>
      <![CDATA[Clicked on Currency button]]>
    </line>
    <line>
      <![CDATA[Selected Arab Emirates Dirham currency]]>
    </line>
    <line>
      <![CDATA[Currency is changed to AED]]>
    </line>
    <line>
      <![CDATA[City entered and selected: Ban]]>
    </line>
    <line>
      <![CDATA[Check-in date selected: November 20.0]]>
    </line>
    <line>
      <![CDATA[Check-out date selected: November 23.0]]>
    </line>
    <line>
      <![CDATA[Clicked on Apply button]]>
    </line>
    <line>
      <![CDATA[Clicked on Search button]]>
    </line>
    <line>
      <![CDATA[User is navigated to Bangkok Property hotel list ]]>
    </line>
    <line>
      <![CDATA[Clicked on sort by price from navbar]]>
    </line>
    <line>
      <![CDATA[Entered area: patru in the search bar]]>
    </line>
    <line>
      <![CDATA[Verified hotel list is displayed in the same locality]]>
    </line>
    <line>
      <![CDATA[Browser is launched]]>
    </line>
    <line>
      <![CDATA[Navigated to the specified URL]]>
    </line>
    <line>
      <![CDATA[Clicked on hotel]]>
    </line>
    <line>
      <![CDATA[User is navigated to hotels page]]>
    </line>
    <line>
      <![CDATA[Clicked on Search button]]>
    </line>
    <line>
      <![CDATA[Entered locality: Goa in the search bar]]>
    </line>
    <line>
      <![CDATA[Selected the option from the dropdown and clicked to search the hotel]]>
    </line>
    <line>
      <![CDATA[Clicked on Ratings of the hotel]]>
    </line>
    <line>
      <![CDATA[Navigated to details of hotel page and clicked on user reviews from navbar]]>
    </line>
    <line>
      <![CDATA[Clicked on sort by in User Rating & Reviews and selected Positive first from dropdown]]>
    </line>
    <line>
      <![CDATA[Scrolled down to read the reviews and clicked on Helpful icon]]>
    </line>
    <line>
      <![CDATA[Browser is launched]]>
    </line>
    <line>
      <![CDATA[Navigated to the specified URL]]>
    </line>
    <line>
      <![CDATA[Clicked on hotel]]>
    </line>
    <line>
      <![CDATA[User is navigated to hotels page]]>
    </line>
    <line>
      <![CDATA[Clicked on Search button]]>
    </line>
    <line>
      <![CDATA[Entered locality: patru in the search bar]]>
    </line>
    <line>
      <![CDATA[Selected the option from the dropdown and clicked to search the hotel]]>
    </line>
    <line>
      <![CDATA[Clicked on Ratings of the hotel]]>
    </line>
    <line>
      <![CDATA[Navigated to details of hotel page and clicked on user reviews from navbar]]>
    </line>
    <line>
      <![CDATA[Browser is launched]]>
    </line>
    <line>
      <![CDATA[Navigated to the specified URL]]>
    </line>
    <line>
      <![CDATA[Clicked on hotel]]>
    </line>
    <line>
      <![CDATA[User is navigated to hotels page]]>
    </line>
    <line>
      <![CDATA[City entered and selected: Ban]]>
    </line>
    <line>
      <![CDATA[Check-in date selected: November 20.0]]>
    </line>
    <line>
      <![CDATA[Check-out date selected: November 23.0]]>
    </line>
    <line>
      <![CDATA[Clicked on Apply button]]>
    </line>
    <line>
      <![CDATA[Clicked on Search button]]>
    </line>
    <line>
      <![CDATA[User is navigated to Bangkok Property hotel list ]]>
    </line>
    <line>
      <![CDATA[Scrolled down to Price per night in filter option]]>
    </line>
    <line>
      <![CDATA[Browser is launched]]>
    </line>
    <line>
      <![CDATA[Navigated to the specified URL]]>
    </line>
    <line>
      <![CDATA[Clicked on hotel]]>
    </line>
    <line>
      <![CDATA[User is navigated to hotels page]]>
    </line>
    <line>
      <![CDATA[City entered and selected: Ban]]>
    </line>
    <line>
      <![CDATA[Check-in date selected: November 20.0]]>
    </line>
    <line>
      <![CDATA[Check-out date selected: November 23.0]]>
    </line>
    <line>
      <![CDATA[Clicked on Apply button]]>
    </line>
    <line>
      <![CDATA[Clicked on Search button]]>
    </line>
    <line>
      <![CDATA[User is navigated to Bangkok Property hotel list ]]>
    </line>
    <line>
      <![CDATA[Clicked on explore on map]]>
    </line>
    <line>
      <![CDATA[Clicked on View main areas]]>
    </line>
    <line>
      <![CDATA[Browser is launched]]>
    </line>
    <line>
      <![CDATA[Navigated to the specified URL]]>
    </line>
    <line>
      <![CDATA[Clicked on hotel]]>
    </line>
    <line>
      <![CDATA[User is navigated to hotels page]]>
    </line>
    <line>
      <![CDATA[User is able to scroll down to the list of places]]>
    </line>
    <line>
      <![CDATA[User is able to click on the specific location for hotels]]>
    </line>
    <line>
      <![CDATA[Verified after navigating to the page]]>
    </line>
    <line>
      <![CDATA[City entered in popup: Mumbai]]>
    </line>
    <line>
      <![CDATA[User is able to Enter city and selected checkin, checkout, room, and guests textfield]]>
    </line>
    <line>
      <![CDATA[ User Clicked on Star filter]]>
    </line>
    <line>
      <![CDATA[User Clicked on Breakfast filter]]>
    </line>
    <line>
      <![CDATA[User Clicked on Swimming Pool filter]]>
    </line>
    <line>
      <![CDATA[User Clicked on Price filter]]>
    </line>
    <line>
      <![CDATA[All filters are applied successfully]]>
    </line>
    <line>
      <![CDATA[Browser is launched]]>
    </line>
    <line>
      <![CDATA[Navigated to the specified URL]]>
    </line>
    <line>
      <![CDATA[Clicked on hotel]]>
    </line>
    <line>
      <![CDATA[User is navigated to hotels page]]>
    </line>
    <line>
      <![CDATA[User is able to scroll down to the list of places]]>
    </line>
    <line>
      <![CDATA[User is able to click on the specific location for hotels]]>
    </line>
    <line>
      <![CDATA[Verified after navigating to the page]]>
    </line>
    <line>
      <![CDATA[User is able to see Budget option after scrolling]]>
    </line>
    <line>
      <![CDATA[Min value entered in popup: 2500]]>
    </line>
    <line>
      <![CDATA[Max value entered in popup: 5000]]>
    </line>
    <line>
      <![CDATA[Clicked on arrow button]]>
    </line>
    <line>
      <![CDATA[All filters are applied successfully]]>
    </line>
    <line>
      <![CDATA[Browser is launched]]>
    </line>
    <line>
      <![CDATA[Navigated to the specified URL]]>
    </line>
    <line>
      <![CDATA[Clicked on hotel]]>
    </line>
    <line>
      <![CDATA[User is navigated to hotels page]]>
    </line>
    <line>
      <![CDATA[City entered and selected: Ban]]>
    </line>
    <line>
      <![CDATA[Check-in date selected: November 20.0]]>
    </line>
    <line>
      <![CDATA[Check-out date selected: November 23.0]]>
    </line>
    <line>
      <![CDATA[Clicked on Apply button]]>
    </line>
    <line>
      <![CDATA[Clicked on Search button]]>
    </line>
    <line>
      <![CDATA[User is navigated to Bangkok Property hotel list ]]>
    </line>
    <line>
      <![CDATA[Clicked on explore on map]]>
    </line>
    <line>
      <![CDATA[Clicked on View main areas]]>
    </line>
    <line>
      <![CDATA[Clicked on the area option]]>
    </line>
    <line>
      <![CDATA[Navigated to hotel list page]]>
    </line>
    <line>
      <![CDATA[Clicked on the filtered hotel to view details]]>
    </line>
    <line>
      <![CDATA[Clicked on BOOK THIS NOW button]]>
    </line>
    <line>
      <![CDATA[User is navigated to Review your Booking and element is verified]]>
    </line>
    <line>
      <![CDATA[Browser is launched]]>
    </line>
    <line>
      <![CDATA[Navigated to the specified URL]]>
    </line>
    <line>
      <![CDATA[Clicked on hotel]]>
    </line>
    <line>
      <![CDATA[User is navigated to hotels page]]>
    </line>
    <line>
      <![CDATA[Clicked on Search button]]>
    </line>
    <line>
      <![CDATA[Clicked on user rating]]>
    </line>
    <line>
      <![CDATA[Clicked on highest ratings hotel]]>
    </line>
    <line>
      <![CDATA[Clicked on BOOK THIS NOW button]]>
    </line>
    <line>
      <![CDATA[User is navigated to Review your Booking and element is verified]]>
    </line>
    <line>
      <![CDATA[Browser is closed]]>
    </line>
  </reporter-output>
  <suite started-at="2024-11-14T11:48:06 IST" name="Default suite" finished-at="2024-11-14T11:52:25 IST" duration-ms="259111">
    <groups>
      <group name="cucumber">
        <method signature="AbstractTestNGCucumberTests.runScenario(io.cucumber.testng.PickleWrapper,io.cucumber.testng.FeatureWrapper)[pri:0, instance:com.runners.CucumberRunner@38102d01]" name="runScenario" class="io.cucumber.testng.AbstractTestNGCucumberTests"/>
      </group> <!-- cucumber -->
    </groups>
    <test started-at="2024-11-14T11:48:06 IST" name="Default test" finished-at="2024-11-14T11:52:25 IST" duration-ms="259111">
      <class name="com.runners.CucumberRunner">
        <test-method is-config="true" signature="setUpClass(org.testng.ITestContext)[pri:0, instance:com.runners.CucumberRunner@38102d01]" started-at="2024-11-14T11:48:06 IST" name="setUpClass" finished-at="2024-11-14T11:48:07 IST" duration-ms="725" status="PASS">
          <params>
            <param index="0">
              <value>
                <![CDATA[org.testng.TestRunner@75c589f2]]>
              </value>
            </param>
          </params>
          <reporter-output>
          </reporter-output>
        </test-method> <!-- setUpClass -->
        <test-method signature="runScenario(io.cucumber.testng.PickleWrapper,io.cucumber.testng.FeatureWrapper)[pri:0, instance:com.runners.CucumberRunner@38102d01]" started-at="2024-11-14T11:48:07 IST" name="runScenario" description="Runs Cucumber Scenarios" data-provider="scenarios" finished-at="2024-11-14T11:48:46 IST" duration-ms="39558" status="PASS">
          <params>
            <param index="0">
              <value>
                <![CDATA["User is able to change the currency"]]>
              </value>
            </param>
            <param index="1">
              <value>
                <![CDATA["Changing Currency"]]>
              </value>
            </param>
          </params>
          <reporter-output>
            <line>
              <![CDATA[Browser is launched]]>
            </line>
            <line>
              <![CDATA[Navigated to the specified URL]]>
            </line>
            <line>
              <![CDATA[Clicked on hotel]]>
            </line>
            <line>
              <![CDATA[User is navigated to hotels page]]>
            </line>
            <line>
              <![CDATA[Clicked on Currency button]]>
            </line>
            <line>
              <![CDATA[Selected Arab Emirates Dirham currency]]>
            </line>
            <line>
              <![CDATA[Currency is changed to AED]]>
            </line>
            <line>
              <![CDATA[City entered and selected: Ban]]>
            </line>
            <line>
              <![CDATA[Check-in date selected: November 20.0]]>
            </line>
            <line>
              <![CDATA[Check-out date selected: November 23.0]]>
            </line>
            <line>
              <![CDATA[Clicked on Apply button]]>
            </line>
            <line>
              <![CDATA[Clicked on Search button]]>
            </line>
            <line>
              <![CDATA[User is navigated to Bangkok Property hotel list ]]>
            </line>
            <line>
              <![CDATA[Clicked on sort by price from navbar]]>
            </line>
            <line>
              <![CDATA[Entered area: patru in the search bar]]>
            </line>
            <line>
              <![CDATA[Verified hotel list is displayed in the same locality]]>
            </line>
          </reporter-output>
        </test-method> <!-- runScenario -->
        <test-method signature="runScenario(io.cucumber.testng.PickleWrapper,io.cucumber.testng.FeatureWrapper)[pri:0, instance:com.runners.CucumberRunner@38102d01]" started-at="2024-11-14T11:48:46 IST" name="runScenario" description="Runs Cucumber Scenarios" data-provider="scenarios" finished-at="2024-11-14T11:49:21 IST" duration-ms="34829" status="PASS">
          <params>
            <param index="0">
              <value>
                <![CDATA["Validate user is able to sort by and read hotel reviews in the hotel details page"]]>
              </value>
            </param>
            <param index="1">
              <value>
                <![CDATA["Reviews"]]>
              </value>
            </param>
          </params>
          <reporter-output>
            <line>
              <![CDATA[Browser is launched]]>
            </line>
            <line>
              <![CDATA[Navigated to the specified URL]]>
            </line>
            <line>
              <![CDATA[Clicked on hotel]]>
            </line>
            <line>
              <![CDATA[User is navigated to hotels page]]>
            </line>
            <line>
              <![CDATA[Clicked on Search button]]>
            </line>
            <line>
              <![CDATA[Entered locality: Goa in the search bar]]>
            </line>
            <line>
              <![CDATA[Selected the option from the dropdown and clicked to search the hotel]]>
            </line>
            <line>
              <![CDATA[Clicked on Ratings of the hotel]]>
            </line>
            <line>
              <![CDATA[Navigated to details of hotel page and clicked on user reviews from navbar]]>
            </line>
            <line>
              <![CDATA[Clicked on sort by in User Rating & Reviews and selected Positive first from dropdown]]>
            </line>
            <line>
              <![CDATA[Scrolled down to read the reviews and clicked on Helpful icon]]>
            </line>
          </reporter-output>
        </test-method> <!-- runScenario -->
        <test-method signature="runScenario(io.cucumber.testng.PickleWrapper,io.cucumber.testng.FeatureWrapper)[pri:0, instance:com.runners.CucumberRunner@38102d01]" started-at="2024-11-14T11:49:21 IST" name="runScenario" description="Runs Cucumber Scenarios" data-provider="scenarios" finished-at="2024-11-14T11:49:50 IST" duration-ms="29030" status="FAIL">
          <params>
            <param index="0">
              <value>
                <![CDATA["Validate user is able to sort by and read hotel reviews in the hotel details page"]]>
              </value>
            </param>
            <param index="1">
              <value>
                <![CDATA["Reviews"]]>
              </value>
            </param>
          </params>
          <exception class="org.openqa.selenium.ElementClickInterceptedException">
            <message>
              <![CDATA[element click intercepted: Element <div class="sortBy__dropdownCont">...</div> is not clickable at point (1161, 22). Other element would receive the click: <div class="hsw_inner" id="hsw_inner_components">...</div>
  (Session info: chrome=131.0.6778.69)
Build info: version: '4.16.1', revision: '9b4c83354e'
System info: os.name: 'Windows 11', os.arch: 'amd64', os.version: '10.0', java.version: '23'
Driver info: org.openqa.selenium.chrome.ChromeDriver
Command: [7e11c2cb20af51004b3d53db781796b5, clickElement {id=f.C6C6D1A42E5621ED14CA012566F9C96E.d.5B39F54D7FFF6FA335FBCE133B1BBEED.e.367}]
Capabilities {acceptInsecureCerts: false, browserName: chrome, browserVersion: 131.0.6778.69, chrome: {chromedriverVersion: 131.0.6778.69 (77e2244bbcda..., userDataDir: C:\Users\swati\AppData\Loca...}, fedcm:accounts: true, goog:chromeOptions: {debuggerAddress: localhost:52488}, networkConnectionEnabled: false, pageLoadStrategy: normal, platformName: windows, proxy: Proxy(), se:cdp: ws://localhost:52488/devtoo..., se:cdpVersion: 131.0.6778.69, setWindowRect: true, strictFileInteractability: false, timeouts: {implicit: 0, pageLoad: 300000, script: 30000}, unhandledPromptBehavior: dismiss and notify, webauthn:extension:credBlob: true, webauthn:extension:largeBlob: true, webauthn:extension:minPinLength: true, webauthn:extension:prf: true, webauthn:virtualAuthenticators: true}
Element: [[ChromeDriver: chrome on windows (7e11c2cb20af51004b3d53db781796b5)] -> xpath: //div[@class='sortBy__dropdownCont']]
Session ID: 7e11c2cb20af51004b3d53db781796b5]]>
            </message>
            <full-stacktrace>
              <![CDATA[org.openqa.selenium.ElementClickInterceptedException: element click intercepted: Element <div class="sortBy__dropdownCont">...</div> is not clickable at point (1161, 22). Other element would receive the click: <div class="hsw_inner" id="hsw_inner_components">...</div>
  (Session info: chrome=131.0.6778.69)
Build info: version: '4.16.1', revision: '9b4c83354e'
System info: os.name: 'Windows 11', os.arch: 'amd64', os.version: '10.0', java.version: '23'
Driver info: org.openqa.selenium.chrome.ChromeDriver
Command: [7e11c2cb20af51004b3d53db781796b5, clickElement {id=f.C6C6D1A42E5621ED14CA012566F9C96E.d.5B39F54D7FFF6FA335FBCE133B1BBEED.e.367}]
Capabilities {acceptInsecureCerts: false, browserName: chrome, browserVersion: 131.0.6778.69, chrome: {chromedriverVersion: 131.0.6778.69 (77e2244bbcda..., userDataDir: C:\Users\swati\AppData\Loca...}, fedcm:accounts: true, goog:chromeOptions: {debuggerAddress: localhost:52488}, networkConnectionEnabled: false, pageLoadStrategy: normal, platformName: windows, proxy: Proxy(), se:cdp: ws://localhost:52488/devtoo..., se:cdpVersion: 131.0.6778.69, setWindowRect: true, strictFileInteractability: false, timeouts: {implicit: 0, pageLoad: 300000, script: 30000}, unhandledPromptBehavior: dismiss and notify, webauthn:extension:credBlob: true, webauthn:extension:largeBlob: true, webauthn:extension:minPinLength: true, webauthn:extension:prf: true, webauthn:virtualAuthenticators: true}
Element: [[ChromeDriver: chrome on windows (7e11c2cb20af51004b3d53db781796b5)] -> xpath: //div[@class='sortBy__dropdownCont']]
Session ID: 7e11c2cb20af51004b3d53db781796b5
at java.base/jdk.internal.reflect.DirectConstructorHandleAccessor.newInstance(DirectConstructorHandleAccessor.java:62)
at java.base/java.lang.reflect.Constructor.newInstanceWithCaller(Constructor.java:501)
at java.base/java.lang.reflect.Constructor.newInstance(Constructor.java:485)
at org.openqa.selenium.remote.codec.w3c.W3CHttpResponseCodec.createException(W3CHttpResponseCodec.java:200)
at org.openqa.selenium.remote.codec.w3c.W3CHttpResponseCodec.decode(W3CHttpResponseCodec.java:133)
at org.openqa.selenium.remote.codec.w3c.W3CHttpResponseCodec.decode(W3CHttpResponseCodec.java:52)
at org.openqa.selenium.remote.HttpCommandExecutor.execute(HttpCommandExecutor.java:191)
at org.openqa.selenium.remote.service.DriverCommandExecutor.invokeExecute(DriverCommandExecutor.java:200)
at org.openqa.selenium.remote.service.DriverCommandExecutor.execute(DriverCommandExecutor.java:175)
at org.openqa.selenium.remote.RemoteWebDriver.execute(RemoteWebDriver.java:523)
at org.openqa.selenium.remote.RemoteWebElement.execute(RemoteWebElement.java:224)
at org.openqa.selenium.remote.RemoteWebElement.click(RemoteWebElement.java:77)
at java.base/jdk.internal.reflect.DirectMethodHandleAccessor.invoke(DirectMethodHandleAccessor.java:103)
at java.base/java.lang.reflect.Method.invoke(Method.java:580)
at org.openqa.selenium.support.pagefactory.internal.LocatingElementHandler.invoke(LocatingElementHandler.java:51)
at jdk.proxy2/jdk.proxy2.$Proxy25.click(Unknown Source)
at com.stepDefinition.HotelReviews.click_on_sort_by_in_user_rating_reviews_and_select_positive_first_from_dropdown(HotelReviews.java:86)
at ✽.Click on sort by in User Rating & Reviews and select Positive first from dropdown(file:///C:/Users/swati/git/repository45/MakeMyTrip/./src/test/resources/featureFiles/HotelReviews.feature:13)
]]>
            </full-stacktrace>
          </exception> <!-- org.openqa.selenium.ElementClickInterceptedException -->
          <reporter-output>
            <line>
              <![CDATA[Browser is launched]]>
            </line>
            <line>
              <![CDATA[Navigated to the specified URL]]>
            </line>
            <line>
              <![CDATA[Clicked on hotel]]>
            </line>
            <line>
              <![CDATA[User is navigated to hotels page]]>
            </line>
            <line>
              <![CDATA[Clicked on Search button]]>
            </line>
            <line>
              <![CDATA[Entered locality: patru in the search bar]]>
            </line>
            <line>
              <![CDATA[Selected the option from the dropdown and clicked to search the hotel]]>
            </line>
            <line>
              <![CDATA[Clicked on Ratings of the hotel]]>
            </line>
            <line>
              <![CDATA[Navigated to details of hotel page and clicked on user reviews from navbar]]>
            </line>
          </reporter-output>
        </test-method> <!-- runScenario -->
        <test-method signature="runScenario(io.cucumber.testng.PickleWrapper,io.cucumber.testng.FeatureWrapper)[pri:0, instance:com.runners.CucumberRunner@38102d01]" started-at="2024-11-14T11:49:50 IST" name="runScenario" description="Runs Cucumber Scenarios" data-provider="scenarios" finished-at="2024-11-14T11:50:14 IST" duration-ms="23844" status="FAIL">
          <params>
            <param index="0">
              <value>
                <![CDATA["user should be able to select price checkbox from filter option"]]>
              </value>
            </param>
            <param index="1">
              <value>
                <![CDATA["Selecting hotels for booking"]]>
              </value>
            </param>
          </params>
          <exception class="java.lang.AssertionError">
            <message>
              <![CDATA[Price checkbox should be displayed expected [true] but found [false]]]>
            </message>
            <full-stacktrace>
              <![CDATA[java.lang.AssertionError: Price checkbox should be displayed expected [true] but found [false]
at org.testng.Assert.fail(Assert.java:111)
at org.testng.Assert.failNotEquals(Assert.java:1578)
at org.testng.Assert.assertTrue(Assert.java:57)
at com.stepDefinition.HotelSelection.select_price_checkbox_and_navigate_to_hotel_list(HotelSelection.java:79)
at ✽.Select price checkbox and navigate to hotel list(file:///C:/Users/swati/git/repository45/MakeMyTrip/./src/test/resources/featureFiles/HotelSelection.feature:17)
]]>
            </full-stacktrace>
          </exception> <!-- java.lang.AssertionError -->
          <reporter-output>
            <line>
              <![CDATA[Browser is launched]]>
            </line>
            <line>
              <![CDATA[Navigated to the specified URL]]>
            </line>
            <line>
              <![CDATA[Clicked on hotel]]>
            </line>
            <line>
              <![CDATA[User is navigated to hotels page]]>
            </line>
            <line>
              <![CDATA[City entered and selected: Ban]]>
            </line>
            <line>
              <![CDATA[Check-in date selected: November 20.0]]>
            </line>
            <line>
              <![CDATA[Check-out date selected: November 23.0]]>
            </line>
            <line>
              <![CDATA[Clicked on Apply button]]>
            </line>
            <line>
              <![CDATA[Clicked on Search button]]>
            </line>
            <line>
              <![CDATA[User is navigated to Bangkok Property hotel list ]]>
            </line>
            <line>
              <![CDATA[Scrolled down to Price per night in filter option]]>
            </line>
          </reporter-output>
        </test-method> <!-- runScenario -->
        <test-method signature="runScenario(io.cucumber.testng.PickleWrapper,io.cucumber.testng.FeatureWrapper)[pri:0, instance:com.runners.CucumberRunner@38102d01]" started-at="2024-11-14T11:50:14 IST" name="runScenario" description="Runs Cucumber Scenarios" data-provider="scenarios" finished-at="2024-11-14T11:50:37 IST" duration-ms="23089" status="PASS">
          <params>
            <param index="0">
              <value>
                <![CDATA["User Should be able to view map"]]>
              </value>
            </param>
            <param index="1">
              <value>
                <![CDATA["Selecting hotels for booking"]]>
              </value>
            </param>
          </params>
          <reporter-output>
            <line>
              <![CDATA[Browser is launched]]>
            </line>
            <line>
              <![CDATA[Navigated to the specified URL]]>
            </line>
            <line>
              <![CDATA[Clicked on hotel]]>
            </line>
            <line>
              <![CDATA[User is navigated to hotels page]]>
            </line>
            <line>
              <![CDATA[City entered and selected: Ban]]>
            </line>
            <line>
              <![CDATA[Check-in date selected: November 20.0]]>
            </line>
            <line>
              <![CDATA[Check-out date selected: November 23.0]]>
            </line>
            <line>
              <![CDATA[Clicked on Apply button]]>
            </line>
            <line>
              <![CDATA[Clicked on Search button]]>
            </line>
            <line>
              <![CDATA[User is navigated to Bangkok Property hotel list ]]>
            </line>
            <line>
              <![CDATA[Clicked on explore on map]]>
            </line>
            <line>
              <![CDATA[Clicked on View main areas]]>
            </line>
          </reporter-output>
        </test-method> <!-- runScenario -->
        <test-method signature="runScenario(io.cucumber.testng.PickleWrapper,io.cucumber.testng.FeatureWrapper)[pri:0, instance:com.runners.CucumberRunner@38102d01]" started-at="2024-11-14T11:50:37 IST" name="runScenario" description="Runs Cucumber Scenarios" data-provider="scenarios" finished-at="2024-11-14T11:51:15 IST" duration-ms="38245" status="PASS">
          <params>
            <param index="0">
              <value>
                <![CDATA["Validate user is able to select multiple filters"]]>
              </value>
            </param>
            <param index="1">
              <value>
                <![CDATA["Selecting multiple filters to view hotel list"]]>
              </value>
            </param>
          </params>
          <reporter-output>
            <line>
              <![CDATA[Browser is launched]]>
            </line>
            <line>
              <![CDATA[Navigated to the specified URL]]>
            </line>
            <line>
              <![CDATA[Clicked on hotel]]>
            </line>
            <line>
              <![CDATA[User is navigated to hotels page]]>
            </line>
            <line>
              <![CDATA[User is able to scroll down to the list of places]]>
            </line>
            <line>
              <![CDATA[User is able to click on the specific location for hotels]]>
            </line>
            <line>
              <![CDATA[Verified after navigating to the page]]>
            </line>
            <line>
              <![CDATA[City entered in popup: Mumbai]]>
            </line>
            <line>
              <![CDATA[User is able to Enter city and selected checkin, checkout, room, and guests textfield]]>
            </line>
            <line>
              <![CDATA[ User Clicked on Star filter]]>
            </line>
            <line>
              <![CDATA[User Clicked on Breakfast filter]]>
            </line>
            <line>
              <![CDATA[User Clicked on Swimming Pool filter]]>
            </line>
            <line>
              <![CDATA[User Clicked on Price filter]]>
            </line>
            <line>
              <![CDATA[All filters are applied successfully]]>
            </line>
          </reporter-output>
        </test-method> <!-- runScenario -->
        <test-method signature="runScenario(io.cucumber.testng.PickleWrapper,io.cucumber.testng.FeatureWrapper)[pri:0, instance:com.runners.CucumberRunner@38102d01]" started-at="2024-11-14T11:51:15 IST" name="runScenario" description="Runs Cucumber Scenarios" data-provider="scenarios" finished-at="2024-11-14T11:51:31 IST" duration-ms="15539" status="PASS">
          <params>
            <param index="0">
              <value>
                <![CDATA["User is able to enter the budget in the filter section"]]>
              </value>
            </param>
            <param index="1">
              <value>
                <![CDATA["Selecting multiple filters to view hotel list"]]>
              </value>
            </param>
          </params>
          <reporter-output>
            <line>
              <![CDATA[Browser is launched]]>
            </line>
            <line>
              <![CDATA[Navigated to the specified URL]]>
            </line>
            <line>
              <![CDATA[Clicked on hotel]]>
            </line>
            <line>
              <![CDATA[User is navigated to hotels page]]>
            </line>
            <line>
              <![CDATA[User is able to scroll down to the list of places]]>
            </line>
            <line>
              <![CDATA[User is able to click on the specific location for hotels]]>
            </line>
            <line>
              <![CDATA[Verified after navigating to the page]]>
            </line>
            <line>
              <![CDATA[User is able to see Budget option after scrolling]]>
            </line>
            <line>
              <![CDATA[Min value entered in popup: 2500]]>
            </line>
            <line>
              <![CDATA[Max value entered in popup: 5000]]>
            </line>
            <line>
              <![CDATA[Clicked on arrow button]]>
            </line>
            <line>
              <![CDATA[All filters are applied successfully]]>
            </line>
          </reporter-output>
        </test-method> <!-- runScenario -->
        <test-method signature="runScenario(io.cucumber.testng.PickleWrapper,io.cucumber.testng.FeatureWrapper)[pri:0, instance:com.runners.CucumberRunner@38102d01]" started-at="2024-11-14T11:51:31 IST" name="runScenario" description="Runs Cucumber Scenarios" data-provider="scenarios" finished-at="2024-11-14T11:52:03 IST" duration-ms="32478" status="PASS">
          <params>
            <param index="0">
              <value>
                <![CDATA["Validate user is able to locate hotel from map and book hotel"]]>
              </value>
            </param>
            <param index="1">
              <value>
                <![CDATA["Review Booking Hotel from map"]]>
              </value>
            </param>
          </params>
          <reporter-output>
            <line>
              <![CDATA[Browser is launched]]>
            </line>
            <line>
              <![CDATA[Navigated to the specified URL]]>
            </line>
            <line>
              <![CDATA[Clicked on hotel]]>
            </line>
            <line>
              <![CDATA[User is navigated to hotels page]]>
            </line>
            <line>
              <![CDATA[City entered and selected: Ban]]>
            </line>
            <line>
              <![CDATA[Check-in date selected: November 20.0]]>
            </line>
            <line>
              <![CDATA[Check-out date selected: November 23.0]]>
            </line>
            <line>
              <![CDATA[Clicked on Apply button]]>
            </line>
            <line>
              <![CDATA[Clicked on Search button]]>
            </line>
            <line>
              <![CDATA[User is navigated to Bangkok Property hotel list ]]>
            </line>
            <line>
              <![CDATA[Clicked on explore on map]]>
            </line>
            <line>
              <![CDATA[Clicked on View main areas]]>
            </line>
            <line>
              <![CDATA[Clicked on the area option]]>
            </line>
            <line>
              <![CDATA[Navigated to hotel list page]]>
            </line>
            <line>
              <![CDATA[Clicked on the filtered hotel to view details]]>
            </line>
            <line>
              <![CDATA[Clicked on BOOK THIS NOW button]]>
            </line>
            <line>
              <![CDATA[User is navigated to Review your Booking and element is verified]]>
            </line>
          </reporter-output>
        </test-method> <!-- runScenario -->
        <test-method signature="runScenario(io.cucumber.testng.PickleWrapper,io.cucumber.testng.FeatureWrapper)[pri:0, instance:com.runners.CucumberRunner@38102d01]" started-at="2024-11-14T11:52:03 IST" name="runScenario" description="Runs Cucumber Scenarios" data-provider="scenarios" finished-at="2024-11-14T11:52:24 IST" duration-ms="21110" status="PASS">
          <params>
            <param index="0">
              <value>
                <![CDATA["Validate user is able to select Hotels from Hotels page by filtering rating"]]>
              </value>
            </param>
            <param index="1">
              <value>
                <![CDATA["Hotels"]]>
              </value>
            </param>
          </params>
          <reporter-output>
            <line>
              <![CDATA[Browser is launched]]>
            </line>
            <line>
              <![CDATA[Navigated to the specified URL]]>
            </line>
            <line>
              <![CDATA[Clicked on hotel]]>
            </line>
            <line>
              <![CDATA[User is navigated to hotels page]]>
            </line>
            <line>
              <![CDATA[Clicked on Search button]]>
            </line>
            <line>
              <![CDATA[Clicked on user rating]]>
            </line>
            <line>
              <![CDATA[Clicked on highest ratings hotel]]>
            </line>
            <line>
              <![CDATA[Clicked on BOOK THIS NOW button]]>
            </line>
            <line>
              <![CDATA[User is navigated to Review your Booking and element is verified]]>
            </line>
            <line>
              <![CDATA[Browser is closed]]>
            </line>
          </reporter-output>
        </test-method> <!-- runScenario -->
        <test-method is-config="true" signature="tearDownClass()[pri:0, instance:com.runners.CucumberRunner@38102d01]" started-at="2024-11-14T11:52:24 IST" name="tearDownClass" finished-at="2024-11-14T11:52:25 IST" duration-ms="596" status="PASS">
          <reporter-output>
          </reporter-output>
        </test-method> <!-- tearDownClass -->
      </class> <!-- com.runners.CucumberRunner -->
    </test> <!-- Default test -->
  </suite> <!-- Default suite -->
</testng-results>
